{"/Users/EndUser/Projects/AsterixDB JS Library/asterixdb-js-library/src/index.js": {"path":"/Users/EndUser/Projects/AsterixDB JS Library/asterixdb-js-library/src/index.js","statementMap":{"0":{"start":{"line":2,"column":25},"end":{"line":2,"column":45}},"1":{"start":{"line":3,"column":25},"end":{"line":3,"column":57}},"2":{"start":{"line":12,"column":4},"end":{"line":28,"column":5}},"3":{"start":{"line":13,"column":8},"end":{"line":13,"column":92}},"4":{"start":{"line":16,"column":27},"end":{"line":16,"column":74}},"5":{"start":{"line":17,"column":8},"end":{"line":17,"column":58}},"6":{"start":{"line":20,"column":29},"end":{"line":20,"column":59}},"7":{"start":{"line":21,"column":8},"end":{"line":21,"column":52}},"8":{"start":{"line":24,"column":8},"end":{"line":24,"column":28}},"9":{"start":{"line":26,"column":8},"end":{"line":26,"column":57}},"10":{"start":{"line":27,"column":8},"end":{"line":27,"column":20}},"11":{"start":{"line":32,"column":0},"end":{"line":32,"column":48}}},"fnMap":{"0":{"name":"queryAsterixDB","decl":{"start":{"line":11,"column":15},"end":{"line":11,"column":29}},"loc":{"start":{"line":11,"column":59},"end":{"line":29,"column":1}},"line":11}},"branchMap":{},"s":{"0":2,"1":2,"2":0,"3":0,"4":0,"5":0,"6":0,"7":0,"8":0,"9":0,"10":0,"11":2},"f":{"0":0},"b":{},"_coverageSchema":"1a1c01bbd47fc00a2c39e90264f33305004495a9","hash":"41ddd617fcd5fad9c2a5d0c50657fc8624845db3"}
,"/Users/EndUser/Projects/AsterixDB JS Library/asterixdb-js-library/src/asterixdb/asterixdb.js": {"path":"/Users/EndUser/Projects/AsterixDB JS Library/asterixdb-js-library/src/asterixdb/asterixdb.js","statementMap":{"0":{"start":{"line":2,"column":14},"end":{"line":2,"column":30}},"1":{"start":{"line":3,"column":15},"end":{"line":3,"column":32}},"2":{"start":{"line":6,"column":0},"end":{"line":6,"column":16}},"3":{"start":{"line":9,"column":22},"end":{"line":9,"column":89}},"4":{"start":{"line":17,"column":4},"end":{"line":50,"column":5}},"5":{"start":{"line":19,"column":30},"end":{"line":34,"column":9}},"6":{"start":{"line":37,"column":25},"end":{"line":40,"column":10}},"7":{"start":{"line":43,"column":8},"end":{"line":43,"column":78}},"8":{"start":{"line":46,"column":8},"end":{"line":46,"column":29}},"9":{"start":{"line":48,"column":8},"end":{"line":48,"column":57}},"10":{"start":{"line":49,"column":8},"end":{"line":49,"column":20}},"11":{"start":{"line":59,"column":4},"end":{"line":102,"column":5}},"12":{"start":{"line":61,"column":24},"end":{"line":61,"column":43}},"13":{"start":{"line":64,"column":25},"end":{"line":96,"column":10}},"14":{"start":{"line":65,"column":28},"end":{"line":65,"column":42}},"15":{"start":{"line":66,"column":29},"end":{"line":66,"column":44}},"16":{"start":{"line":67,"column":28},"end":{"line":67,"column":42}},"17":{"start":{"line":69,"column":12},"end":{"line":95,"column":14}},"18":{"start":{"line":82,"column":59},"end":{"line":86,"column":21}},"19":{"start":{"line":88,"column":47},"end":{"line":94,"column":17}},"20":{"start":{"line":98,"column":8},"end":{"line":98,"column":24}},"21":{"start":{"line":100,"column":8},"end":{"line":100,"column":59}},"22":{"start":{"line":101,"column":8},"end":{"line":101,"column":20}},"23":{"start":{"line":111,"column":4},"end":{"line":123,"column":5}},"24":{"start":{"line":113,"column":25},"end":{"line":116,"column":10}},"25":{"start":{"line":119,"column":8},"end":{"line":119,"column":37}},"26":{"start":{"line":121,"column":8},"end":{"line":121,"column":55}},"27":{"start":{"line":122,"column":8},"end":{"line":122,"column":20}},"28":{"start":{"line":126,"column":0},"end":{"line":126,"column":69}}},"fnMap":{"0":{"name":"fetchAllMetadata","decl":{"start":{"line":16,"column":15},"end":{"line":16,"column":31}},"loc":{"start":{"line":16,"column":47},"end":{"line":51,"column":1}},"line":16},"1":{"name":"extractMetadata","decl":{"start":{"line":58,"column":9},"end":{"line":58,"column":24}},"loc":{"start":{"line":58,"column":38},"end":{"line":103,"column":1}},"line":58},"2":{"name":"(anonymous_2)","decl":{"start":{"line":64,"column":37},"end":{"line":64,"column":38}},"loc":{"start":{"line":64,"column":47},"end":{"line":96,"column":9}},"line":64},"3":{"name":"(anonymous_3)","decl":{"start":{"line":82,"column":49},"end":{"line":82,"column":50}},"loc":{"start":{"line":82,"column":59},"end":{"line":86,"column":21}},"line":82},"4":{"name":"(anonymous_4)","decl":{"start":{"line":88,"column":37},"end":{"line":88,"column":38}},"loc":{"start":{"line":88,"column":47},"end":{"line":94,"column":17}},"line":88},"5":{"name":"executeQuery","decl":{"start":{"line":110,"column":15},"end":{"line":110,"column":27}},"loc":{"start":{"line":110,"column":35},"end":{"line":124,"column":1}},"line":110}},"branchMap":{"0":{"loc":{"start":{"line":9,"column":22},"end":{"line":9,"column":89}},"type":"binary-expr","locations":[{"start":{"line":9,"column":22},"end":{"line":9,"column":47}},{"start":{"line":9,"column":51},"end":{"line":9,"column":89}}],"line":9},"1":{"loc":{"start":{"line":82,"column":28},"end":{"line":86,"column":29}},"type":"binary-expr","locations":[{"start":{"line":82,"column":28},"end":{"line":86,"column":23}},{"start":{"line":86,"column":27},"end":{"line":86,"column":29}}],"line":82}},"s":{"0":3,"1":3,"2":3,"3":3,"4":0,"5":0,"6":0,"7":0,"8":0,"9":0,"10":0,"11":0,"12":0,"13":0,"14":0,"15":0,"16":0,"17":0,"18":0,"19":0,"20":0,"21":0,"22":0,"23":0,"24":0,"25":0,"26":0,"27":0,"28":3},"f":{"0":0,"1":0,"2":0,"3":0,"4":0,"5":0},"b":{"0":[3,0],"1":[0,0]},"_coverageSchema":"1a1c01bbd47fc00a2c39e90264f33305004495a9","hash":"29a4f7aecbca0629b4a020918946af3dea0fca40"}
,"/Users/EndUser/Projects/AsterixDB JS Library/asterixdb-js-library/src/asterixdb/testMetadata.js": {"path":"/Users/EndUser/Projects/AsterixDB JS Library/asterixdb-js-library/src/asterixdb/testMetadata.js","statementMap":{"0":{"start":{"line":1,"column":26},"end":{"line":1,"column":48}},"1":{"start":{"line":2,"column":15},"end":{"line":2,"column":32}},"2":{"start":{"line":5,"column":0},"end":{"line":5,"column":16}},"3":{"start":{"line":10,"column":0},"end":{"line":23,"column":5}},"4":{"start":{"line":11,"column":2},"end":{"line":22,"column":3}},"5":{"start":{"line":12,"column":4},"end":{"line":12,"column":53}},"6":{"start":{"line":13,"column":24},"end":{"line":13,"column":45}},"7":{"start":{"line":14,"column":4},"end":{"line":14,"column":54}},"8":{"start":{"line":16,"column":4},"end":{"line":16,"column":42}},"9":{"start":{"line":17,"column":21},"end":{"line":17,"column":49}},"10":{"start":{"line":18,"column":4},"end":{"line":18,"column":52}},"11":{"start":{"line":19,"column":4},"end":{"line":19,"column":51}},"12":{"start":{"line":21,"column":4},"end":{"line":21,"column":47}}},"fnMap":{"0":{"name":"(anonymous_0)","decl":{"start":{"line":10,"column":1},"end":{"line":10,"column":2}},"loc":{"start":{"line":10,"column":13},"end":{"line":23,"column":1}},"line":10}},"branchMap":{},"s":{"0":0,"1":0,"2":0,"3":0,"4":0,"5":0,"6":0,"7":0,"8":0,"9":0,"10":0,"11":0,"12":0},"f":{"0":0},"b":{}}
,"/Users/EndUser/Projects/AsterixDB JS Library/asterixdb-js-library/src/llm/llm.js": {"path":"/Users/EndUser/Projects/AsterixDB JS Library/asterixdb-js-library/src/llm/llm.js","statementMap":{"0":{"start":{"line":2,"column":21},"end":{"line":2,"column":57}},"1":{"start":{"line":3,"column":15},"end":{"line":3,"column":32}},"2":{"start":{"line":4,"column":60},"end":{"line":4,"column":93}},"3":{"start":{"line":6,"column":0},"end":{"line":6,"column":16}},"4":{"start":{"line":13,"column":4},"end":{"line":22,"column":5}},"5":{"start":{"line":15,"column":22},"end":{"line":17,"column":10}},"6":{"start":{"line":18,"column":8},"end":{"line":18,"column":21}},"7":{"start":{"line":20,"column":8},"end":{"line":20,"column":57}},"8":{"start":{"line":21,"column":8},"end":{"line":21,"column":20}},"9":{"start":{"line":32,"column":4},"end":{"line":63,"column":5}},"10":{"start":{"line":34,"column":22},"end":{"line":34,"column":39}},"11":{"start":{"line":37,"column":23},"end":{"line":48,"column":1}},"12":{"start":{"line":51,"column":25},"end":{"line":55,"column":10}},"13":{"start":{"line":58,"column":27},"end":{"line":58,"column":53}},"14":{"start":{"line":59,"column":8},"end":{"line":59,"column":26}},"15":{"start":{"line":61,"column":8},"end":{"line":61,"column":62}},"16":{"start":{"line":62,"column":8},"end":{"line":62,"column":20}},"17":{"start":{"line":73,"column":4},"end":{"line":103,"column":5}},"18":{"start":{"line":75,"column":22},"end":{"line":75,"column":39}},"19":{"start":{"line":78,"column":23},"end":{"line":88,"column":1}},"20":{"start":{"line":84,"column":21},"end":{"line":84,"column":43}},"21":{"start":{"line":91,"column":25},"end":{"line":95,"column":10}},"22":{"start":{"line":98,"column":32},"end":{"line":98,"column":58}},"23":{"start":{"line":99,"column":8},"end":{"line":99,"column":31}},"24":{"start":{"line":101,"column":8},"end":{"line":101,"column":68}},"25":{"start":{"line":102,"column":8},"end":{"line":102,"column":20}},"26":{"start":{"line":113,"column":4},"end":{"line":132,"column":5}},"27":{"start":{"line":115,"column":28},"end":{"line":115,"column":65}},"28":{"start":{"line":116,"column":25},"end":{"line":116,"column":53}},"29":{"start":{"line":119,"column":32},"end":{"line":119,"column":83}},"30":{"start":{"line":122,"column":33},"end":{"line":122,"column":108}},"31":{"start":{"line":122,"column":53},"end":{"line":122,"column":107}},"32":{"start":{"line":123,"column":31},"end":{"line":123,"column":72}},"33":{"start":{"line":126,"column":27},"end":{"line":126,"column":76}},"34":{"start":{"line":128,"column":8},"end":{"line":128,"column":26}},"35":{"start":{"line":130,"column":8},"end":{"line":130,"column":56}},"36":{"start":{"line":131,"column":8},"end":{"line":131,"column":20}},"37":{"start":{"line":135,"column":0},"end":{"line":135,"column":72}}},"fnMap":{"0":{"name":"loadModel","decl":{"start":{"line":12,"column":15},"end":{"line":12,"column":24}},"loc":{"start":{"line":12,"column":27},"end":{"line":23,"column":1}},"line":12},"1":{"name":"generateSQLpp","decl":{"start":{"line":31,"column":15},"end":{"line":31,"column":28}},"loc":{"start":{"line":31,"column":59},"end":{"line":64,"column":1}},"line":31},"2":{"name":"inferDatasetAndFields","decl":{"start":{"line":72,"column":15},"end":{"line":72,"column":36}},"loc":{"start":{"line":72,"column":61},"end":{"line":104,"column":1}},"line":72},"3":{"name":"(anonymous_3)","decl":{"start":{"line":84,"column":15},"end":{"line":84,"column":16}},"loc":{"start":{"line":84,"column":21},"end":{"line":84,"column":43}},"line":84},"4":{"name":"processQuery","decl":{"start":{"line":112,"column":15},"end":{"line":112,"column":27}},"loc":{"start":{"line":112,"column":57},"end":{"line":133,"column":1}},"line":112},"5":{"name":"(anonymous_5)","decl":{"start":{"line":122,"column":47},"end":{"line":122,"column":48}},"loc":{"start":{"line":122,"column":53},"end":{"line":122,"column":107}},"line":122}},"branchMap":{},"s":{"0":3,"1":3,"2":3,"3":3,"4":2,"5":2,"6":0,"7":2,"8":2,"9":1,"10":1,"11":0,"12":0,"13":0,"14":0,"15":1,"16":1,"17":1,"18":1,"19":0,"20":0,"21":0,"22":0,"23":0,"24":1,"25":1,"26":0,"27":0,"28":0,"29":0,"30":0,"31":0,"32":0,"33":0,"34":0,"35":0,"36":0,"37":3},"f":{"0":2,"1":1,"2":1,"3":0,"4":0,"5":0},"b":{},"_coverageSchema":"1a1c01bbd47fc00a2c39e90264f33305004495a9","hash":"9dc274654211b6901c9bf3efda115fe28de010ee"}
}
