TN:
SF:src/index.js
FN:11,queryAsterixDB
FNF:1
FNH:0
FNDA:0,queryAsterixDB
DA:2,2
DA:3,2
DA:12,0
DA:13,0
DA:16,0
DA:17,0
DA:20,0
DA:21,0
DA:24,0
DA:26,0
DA:27,0
DA:32,2
LF:12
LH:3
BRF:0
BRH:0
end_of_record
TN:
SF:src/asterixdb/asterixdb.js
FN:16,fetchAllMetadata
FN:58,extractMetadata
FN:64,(anonymous_2)
FN:82,(anonymous_3)
FN:88,(anonymous_4)
FN:110,executeQuery
FNF:6
FNH:0
FNDA:0,fetchAllMetadata
FNDA:0,extractMetadata
FNDA:0,(anonymous_2)
FNDA:0,(anonymous_3)
FNDA:0,(anonymous_4)
FNDA:0,executeQuery
DA:2,3
DA:3,3
DA:6,3
DA:9,3
DA:17,0
DA:19,0
DA:37,0
DA:43,0
DA:46,0
DA:48,0
DA:49,0
DA:59,0
DA:61,0
DA:64,0
DA:65,0
DA:66,0
DA:67,0
DA:69,0
DA:82,0
DA:88,0
DA:98,0
DA:100,0
DA:101,0
DA:111,0
DA:113,0
DA:119,0
DA:121,0
DA:122,0
DA:126,3
LF:29
LH:5
BRDA:9,0,0,3
BRDA:9,0,1,0
BRDA:82,1,0,0
BRDA:82,1,1,0
BRF:4
BRH:1
end_of_record
TN:
SF:src/asterixdb/testMetadata.js
FN:10,(anonymous_0)
FNF:1
FNH:0
FNDA:0,(anonymous_0)
DA:1,0
DA:2,0
DA:5,0
DA:10,0
DA:11,0
DA:12,0
DA:13,0
DA:14,0
DA:16,0
DA:17,0
DA:18,0
DA:19,0
DA:21,0
LF:13
LH:0
BRF:0
BRH:0
end_of_record
TN:
SF:src/llm/llm.js
FN:12,loadModel
FN:31,generateSQLpp
FN:72,inferDatasetAndFields
FN:84,(anonymous_3)
FN:112,processQuery
FN:122,(anonymous_5)
FNF:6
FNH:3
FNDA:2,loadModel
FNDA:1,generateSQLpp
FNDA:1,inferDatasetAndFields
FNDA:0,(anonymous_3)
FNDA:0,processQuery
FNDA:0,(anonymous_5)
DA:2,3
DA:3,3
DA:4,3
DA:6,3
DA:13,2
DA:15,2
DA:18,0
DA:20,2
DA:21,2
DA:32,1
DA:34,1
DA:37,0
DA:51,0
DA:58,0
DA:59,0
DA:61,1
DA:62,1
DA:73,1
DA:75,1
DA:78,0
DA:84,0
DA:91,0
DA:98,0
DA:99,0
DA:101,1
DA:102,1
DA:113,0
DA:115,0
DA:116,0
DA:119,0
DA:122,0
DA:123,0
DA:126,0
DA:128,0
DA:130,0
DA:131,0
DA:135,3
LF:37
LH:17
BRF:0
BRH:0
end_of_record
